Rasa process starting
Rasa process starting
Rasa process starting
From /usr/local/lib/python3.6/site-packages/tensorflow/python/training/saver.py:1266: checkpoint_exists (from tensorflow.python.training.checkpoint_management) is deprecated and will be removed in a future version.
Instructions for updating:
Use standard file APIs to check for files with this prefix.
Restoring parameters from /src_models/nlu/current/component_4_EmbeddingIntentClassifier.ckpt
Scheduler started
Looking for jobs to run
No jobs; waiting until a job is added
From /usr/local/lib/python3.6/site-packages/tensorflow/python/ops/resource_variable_ops.py:435: colocate_with (from tensorflow.python.framework.ops) is deprecated and will be removed in a future version.
Instructions for updating:
Colocations handled automatically by placer.
From /usr/local/lib/python3.6/site-packages/tensorflow/python/keras/backend.py:4010: calling dropout (from tensorflow.python.ops.nn_ops) with keep_prob is deprecated and will be removed in a future version.
Instructions for updating:
Please use `rate` instead of `keep_prob`. Rate should be set to `rate = 1 - keep_prob`.
From /usr/local/lib/python3.6/site-packages/tensorflow/python/ops/math_ops.py:3066: to_int32 (from tensorflow.python.ops.math_ops) is deprecated and will be removed in a future version.
Instructions for updating:
Use tf.cast instead.
From /usr/local/lib/python3.6/site-packages/tensorflow/python/ops/math_grad.py:102: div (from tensorflow.python.ops.math_ops) is deprecated and will be removed in a future version.
Instructions for updating:
Deprecated in favor of operator or tf.math.divide.
Available web server routes: 
static                                             GET, OPTIONS, HEAD             /static/[filename]
custom_webhook_CmdlineInput.health                 GET, OPTIONS, HEAD             /webhooks/rest/
custom_webhook_CmdlineInput.receive                POST, OPTIONS                  /webhooks/rest/webhook
Rasa Core server is up and running on http://localhost:5005
Creating a new tracker for id 'default'.
Received user message 'Oi' with intent '{'name': 'cumprimentar', 'confidence': 0.7262027859687805}' and entities '[]'
Logged UserUtterance - tracker now has 2 events
Current slot values: 

Current tracker state [{}, {'prev_action_listen': 1.0, 'intent_cumprimentar': 1.0}]
There is a memorised next action '9'
Predicted next action using policy_2_MemoizationPolicy
Predicted next action 'utter_cumprimentar' with prob 1.00.
Action 'utter_cumprimentar' ended with events '[]'
Bot utterance 'BotUttered(text: Oi, eu sou um bot, um assistente virtual!
, data: {
  "elements": null,
  "buttons": null,
  "attachment": null
})'
Current tracker state [{'prev_action_listen': 1.0, 'intent_cumprimentar': 1.0}, {'intent_cumprimentar': 1.0, 'prev_utter_cumprimentar': 1.0}]
There is a memorised next action '0'
Predicted next action using policy_2_MemoizationPolicy
Predicted next action 'action_listen' with prob 1.00.
Action 'action_listen' ended with events '[]'
Recreating tracker for id 'default'
Received user message 'Qual seu nome?' with intent '{'name': 'apresentar', 'confidence': 0.9034296274185181}' and entities '[]'
Logged UserUtterance - tracker now has 6 events
Current slot values: 

Current tracker state [{'intent_cumprimentar': 1.0, 'prev_utter_cumprimentar': 1.0}, {'prev_action_listen': 1.0, 'intent_apresentar': 1.0}]
There is no memorised next action
Predicted next action using policy_0_KerasPolicy
Predicted next action 'utter_apresentar' with prob 0.77.
Action 'utter_apresentar' ended with events '[]'
Bot utterance 'BotUttered(text: Meu nome é Sofia. Fui criada para auxiliar no atendimento de dúvidas do SIOP, Sistema Integrado
de Planejamento e Orçamento do Governo Federal. Você tem alguma dúvida sobre o SIOP?, data: {
  "elements": null,
  "buttons": null,
  "attachment": null
})'
Current tracker state [{'prev_action_listen': 1.0, 'intent_apresentar': 1.0}, {'intent_apresentar': 1.0, 'prev_utter_apresentar': 1.0}]
There is a memorised next action '0'
Predicted next action using policy_2_MemoizationPolicy
Predicted next action 'action_listen' with prob 1.00.
Action 'action_listen' ended with events '[]'
Recreating tracker for id 'default'
Received user message 'Tchau!' with intent '{'name': 'despedir', 'confidence': 0.9509991407394409}' and entities '[]'
Logged UserUtterance - tracker now has 10 events
Current slot values: 

Current tracker state [{'intent_apresentar': 1.0, 'prev_utter_apresentar': 1.0}, {'prev_action_listen': 1.0, 'intent_despedir': 1.0}]
There is no memorised next action
Predicted next action using policy_0_KerasPolicy
Predicted next action 'utter_despedir' with prob 0.99.
Action 'utter_despedir' ended with events '[]'
Bot utterance 'BotUttered(text: Foi um prazer te ajudar!
Sempre que precisar, volte aqui!
Até a próxima!
, data: {
  "elements": null,
  "buttons": null,
  "attachment": null
})'
Current tracker state [{'prev_action_listen': 1.0, 'intent_despedir': 1.0}, {'prev_utter_despedir': 1.0, 'intent_despedir': 1.0}]
There is a memorised next action '0'
Predicted next action using policy_2_MemoizationPolicy
Predicted next action 'action_listen' with prob 1.00.
Action 'action_listen' ended with events '[]'
Rasa process starting
From /usr/local/lib/python3.6/site-packages/tensorflow/python/training/saver.py:1266: checkpoint_exists (from tensorflow.python.training.checkpoint_management) is deprecated and will be removed in a future version.
Instructions for updating:
Use standard file APIs to check for files with this prefix.
Restoring parameters from /src_models/nlu/current/component_4_EmbeddingIntentClassifier.ckpt
Scheduler started
Looking for jobs to run
No jobs; waiting until a job is added
From /usr/local/lib/python3.6/site-packages/tensorflow/python/ops/resource_variable_ops.py:435: colocate_with (from tensorflow.python.framework.ops) is deprecated and will be removed in a future version.
Instructions for updating:
Colocations handled automatically by placer.
From /usr/local/lib/python3.6/site-packages/tensorflow/python/keras/backend.py:4010: calling dropout (from tensorflow.python.ops.nn_ops) with keep_prob is deprecated and will be removed in a future version.
Instructions for updating:
Please use `rate` instead of `keep_prob`. Rate should be set to `rate = 1 - keep_prob`.
From /usr/local/lib/python3.6/site-packages/tensorflow/python/ops/math_ops.py:3066: to_int32 (from tensorflow.python.ops.math_ops) is deprecated and will be removed in a future version.
Instructions for updating:
Use tf.cast instead.
From /usr/local/lib/python3.6/site-packages/tensorflow/python/ops/math_grad.py:102: div (from tensorflow.python.ops.math_ops) is deprecated and will be removed in a future version.
Instructions for updating:
Deprecated in favor of operator or tf.math.divide.
Available web server routes: 
static                                             GET, OPTIONS, HEAD             /static/[filename]
custom_webhook_CmdlineInput.health                 GET, OPTIONS, HEAD             /webhooks/rest/
custom_webhook_CmdlineInput.receive                OPTIONS, POST                  /webhooks/rest/webhook
Rasa Core server is up and running on http://localhost:5005
Creating a new tracker for id 'default'.
Received user message 'Oi!' with intent '{'name': 'cumprimentar', 'confidence': 0.7262027859687805}' and entities '[]'
Logged UserUtterance - tracker now has 2 events
Current slot values: 

Current tracker state [{}, {'prev_action_listen': 1.0, 'intent_cumprimentar': 1.0}]
There is a memorised next action '9'
Predicted next action using policy_2_MemoizationPolicy
Predicted next action 'utter_cumprimentar' with prob 1.00.
Action 'utter_cumprimentar' ended with events '[]'
Bot utterance 'BotUttered(text: Oi, eu sou um bot, um assistente virtual!
, data: {
  "elements": null,
  "buttons": null,
  "attachment": null
})'
Current tracker state [{'prev_action_listen': 1.0, 'intent_cumprimentar': 1.0}, {'prev_utter_cumprimentar': 1.0, 'intent_cumprimentar': 1.0}]
There is a memorised next action '0'
Predicted next action using policy_2_MemoizationPolicy
Predicted next action 'action_listen' with prob 1.00.
Action 'action_listen' ended with events '[]'
Recreating tracker for id 'default'
Received user message 'Qual seu nome?' with intent '{'name': 'apresentar', 'confidence': 0.9034296274185181}' and entities '[]'
Logged UserUtterance - tracker now has 6 events
Current slot values: 

Current tracker state [{'prev_utter_cumprimentar': 1.0, 'intent_cumprimentar': 1.0}, {'prev_action_listen': 1.0, 'intent_apresentar': 1.0}]
There is no memorised next action
Predicted next action using policy_0_KerasPolicy
Predicted next action 'utter_apresentar' with prob 0.77.
Action 'utter_apresentar' ended with events '[]'
Bot utterance 'BotUttered(text: Meu nome é Sofia. Fui criada para auxiliar no atendimento de dúvidas do SIOP, Sistema Integrado
de Planejamento e Orçamento do Governo Federal. Você tem alguma dúvida sobre o SIOP?, data: {
  "elements": null,
  "buttons": null,
  "attachment": null
})'
Current tracker state [{'prev_action_listen': 1.0, 'intent_apresentar': 1.0}, {'intent_apresentar': 1.0, 'prev_utter_apresentar': 1.0}]
There is a memorised next action '0'
Predicted next action using policy_2_MemoizationPolicy
Predicted next action 'action_listen' with prob 1.00.
Action 'action_listen' ended with events '[]'
Recreating tracker for id 'default'
Received user message 'Qual time vocÊ torce?' with intent '{'name': 'time', 'confidence': 0.9220817685127258}' and entities '[]'
Logged UserUtterance - tracker now has 10 events
Current slot values: 

Current tracker state [{'intent_apresentar': 1.0, 'prev_utter_apresentar': 1.0}, {'prev_action_listen': 1.0, 'intent_time': 1.0}]
There is no memorised next action
Predicted next action using policy_0_KerasPolicy
Predicted next action 'utter_time' with prob 0.89.
Action 'utter_time' ended with events '[]'
Bot utterance 'BotUttered(text: Melhor time do mundo disparado, Flamengooo!!!!
, data: {
  "elements": null,
  "buttons": null,
  "attachment": null
})'
Current tracker state [{'prev_action_listen': 1.0, 'intent_time': 1.0}, {'prev_utter_time': 1.0, 'intent_time': 1.0}]
There is a memorised next action '0'
Predicted next action using policy_2_MemoizationPolicy
Predicted next action 'action_listen' with prob 1.00.
Action 'action_listen' ended with events '[]'
Recreating tracker for id 'default'
Received user message 'Não quero mais falar com você' with intent '{'name': 'negar', 'confidence': 0.7126642465591431}' and entities '[]'
Logged UserUtterance - tracker now has 14 events
Current slot values: 

Current tracker state [{'prev_utter_time': 1.0, 'intent_time': 1.0}, {'prev_action_listen': 1.0, 'intent_negar': 1.0}]
There is no memorised next action
Predicted next action using policy_0_KerasPolicy
Predicted next action 'utter_despedir' with prob 0.94.
Action 'utter_despedir' ended with events '[]'
Bot utterance 'BotUttered(text: Foi um prazer te ajudar!
Quando surgir alguma dúvida, volte aqui!
Até mais!
, data: {
  "elements": null,
  "buttons": null,
  "attachment": null
})'
Current tracker state [{'prev_action_listen': 1.0, 'intent_negar': 1.0}, {'prev_utter_despedir': 1.0, 'intent_negar': 1.0}]
There is a memorised next action '0'
Predicted next action using policy_2_MemoizationPolicy
Predicted next action 'action_listen' with prob 1.00.
Action 'action_listen' ended with events '[]'
